<?xml version="1.0" encoding="utf-8"?><testsuites name="pytest tests"><testsuite name="pytest" errors="0" failures="0" skipped="0" tests="21" time="3.754" timestamp="2026-05-10T14:33:20.706620+00:00" hostname="agent-env-71c32c28-1cad-4bf0-b19e-beab314d5b30"><testcase classname="backend.tests.test_medrevision.TestAuth" name="test_login_success" time="0.517" /><testcase classname="backend.tests.test_medrevision.TestAuth" name="test_me" time="0.072" /><testcase classname="backend.tests.test_medrevision.TestProgressSummary" name="test_progress_summary_keys" time="0.051" /><testcase classname="backend.tests.test_medrevision.TestBookmark" name="test_toggle_bookmark" time="0.207" /><testcase classname="backend.tests.test_medrevision.TestSnooze" name="test_snooze_question" time="0.104" /><testcase classname="backend.tests.test_medrevision.TestAncrage" name="test_anchored_after_3_correct" time="0.156" /><testcase classname="backend.tests.test_medrevision.TestAncrage" name="test_to_review_on_incorrect" time="0.100" /><testcase classname="backend.tests.test_medrevision.TestDueAndByStatus" name="test_due_excludes_anchored_and_snoozed" time="0.050" /><testcase classname="backend.tests.test_medrevision.TestDueAndByStatus" name="test_by_status_bookmarked" time="0.105" /><testcase classname="backend.tests.test_medrevision.TestDueAndByStatus" name="test_by_status_new" time="0.058" /><testcase classname="backend.tests.test_medrevision.TestDueAndByStatus" name="test_by_status_invalid" time="0.045" /><testcase classname="backend.tests.test_medrevision.TestQuizModes" name="test_quiz_start_due" time="0.047" /><testcase classname="backend.tests.test_medrevision.TestQuizModes" name="test_quiz_start_bookmarked" time="0.066" /><testcase classname="backend.tests.test_medrevision.TestQuizModes" name="test_quiz_start_new" time="0.049" /><testcase classname="backend.tests.test_medrevision.TestQuizModes" name="test_quiz_answer_updates_progress" time="0.199" /><testcase classname="backend.tests.test_medrevision.TestExam" name="test_exam_start" time="0.060" /><testcase classname="backend.tests.test_medrevision.TestExam" name="test_exam_submit" time="0.059" /><testcase classname="backend.tests.test_medrevision.TestExam" name="test_exam_history" time="0.050" /><testcase classname="backend.tests.test_medrevision.TestCourses" name="test_get_course_returns_original_file_field" time="0.240" /><testcase classname="backend.tests.test_medrevision.TestCourses" name="test_course_file_html_endpoint" time="1.190" /><testcase classname="backend.tests.test_medrevision.TestDashboard" name="test_dashboard_new_fields" time="0.059" /></testsuite></testsuites>