<?xml version="1.0" encoding="utf-8"?><testsuites name="pytest tests"><testsuite name="pytest" errors="0" failures="0" skipped="4" tests="11" time="48.035" timestamp="2026-05-10T14:58:40.751682+00:00" hostname="agent-env-71c32c28-1cad-4bf0-b19e-beab314d5b30"><testcase classname="backend.tests.test_references.TestReferences" name="test_list_references_public_for_logged_users" time="0.576"><skipped type="pytest.skip" message="Cannot register normal user: 422 {&quot;detail&quot;:[{&quot;type&quot;:&quot;value_error&quot;,&quot;loc&quot;:[&quot;body&quot;,&quot;email&quot;],&quot;msg&quot;:&quot;value is not a valid email address: The part after the @-sign is a special-use or reserved name that cannot be used with email.&quot;,&quot;input&quot;:&quot;TEST_user_3dde0cc7@medrev.test&quot;,&quot;ctx&quot;:{&quot;reason&quot;:&quot;The part after the @-sign is a special-use or reserved name that cannot be used with email.&quot;}},{&quot;type&quot;:&quot;missing&quot;,&quot;loc&quot;:[&quot;body&quot;,&quot;name&quot;],&quot;msg&quot;:&quot;Field required&quot;,&quot;input&quot;:{&quot;email&quot;:&quot;TEST_user_3dde0cc7@medrev.test&quot;,&quot;password&quot;:&quot;Test1234!&quot;,&quot;full_name&quot;:&quot;Test User&quot;},&quot;url&quot;:&quot;https://errors.pydantic.dev/2.12/v/missing&quot;}]}">/app/backend/tests/test_references.py:60: Cannot register normal user: 422 {"detail":[{"type":"value_error","loc":["body","email"],"msg":"value is not a valid email address: The part after the @-sign is a special-use or reserved name that cannot be used with email.","input":"TEST_user_3dde0cc7@medrev.test","ctx":{"reason":"The part after the @-sign is a special-use or reserved name that cannot be used with email."}},{"type":"missing","loc":["body","name"],"msg":"Field required","input":{"email":"TEST_user_3dde0cc7@medrev.test","password":"Test1234!","full_name":"Test User"},"url":"https://errors.pydantic.dev/2.12/v/missing"}]}</skipped></testcase><testcase classname="backend.tests.test_references.TestReferences" name="test_list_references_unauthenticated" time="0.120" /><testcase classname="backend.tests.test_references.TestReferences" name="test_upload_reference_requires_admin" time="0.000"><skipped type="pytest.skip" message="Cannot register normal user: 422 {&quot;detail&quot;:[{&quot;type&quot;:&quot;value_error&quot;,&quot;loc&quot;:[&quot;body&quot;,&quot;email&quot;],&quot;msg&quot;:&quot;value is not a valid email address: The part after the @-sign is a special-use or reserved name that cannot be used with email.&quot;,&quot;input&quot;:&quot;TEST_user_3dde0cc7@medrev.test&quot;,&quot;ctx&quot;:{&quot;reason&quot;:&quot;The part after the @-sign is a special-use or reserved name that cannot be used with email.&quot;}},{&quot;type&quot;:&quot;missing&quot;,&quot;loc&quot;:[&quot;body&quot;,&quot;name&quot;],&quot;msg&quot;:&quot;Field required&quot;,&quot;input&quot;:{&quot;email&quot;:&quot;TEST_user_3dde0cc7@medrev.test&quot;,&quot;password&quot;:&quot;Test1234!&quot;,&quot;full_name&quot;:&quot;Test User&quot;},&quot;url&quot;:&quot;https://errors.pydantic.dev/2.12/v/missing&quot;}]}">/app/backend/tests/test_references.py:74: Cannot register normal user: 422 {"detail":[{"type":"value_error","loc":["body","email"],"msg":"value is not a valid email address: The part after the @-sign is a special-use or reserved name that cannot be used with email.","input":"TEST_user_3dde0cc7@medrev.test","ctx":{"reason":"The part after the @-sign is a special-use or reserved name that cannot be used with email."}},{"type":"missing","loc":["body","name"],"msg":"Field required","input":{"email":"TEST_user_3dde0cc7@medrev.test","password":"Test1234!","full_name":"Test User"},"url":"https://errors.pydantic.dev/2.12/v/missing"}]}</skipped></testcase><testcase classname="backend.tests.test_references.TestReferences" name="test_upload_admin_success" time="0.147" /><testcase classname="backend.tests.test_references.TestReferences" name="test_uploaded_ref_appears_in_list" time="0.048" /><testcase classname="backend.tests.test_references.TestReferences" name="test_uploaded_file_persisted_on_disk" time="0.000" /><testcase classname="backend.tests.test_references.TestReferences" name="test_update_reference_requires_admin" time="0.000"><skipped type="pytest.skip" message="Cannot register normal user: 422 {&quot;detail&quot;:[{&quot;type&quot;:&quot;value_error&quot;,&quot;loc&quot;:[&quot;body&quot;,&quot;email&quot;],&quot;msg&quot;:&quot;value is not a valid email address: The part after the @-sign is a special-use or reserved name that cannot be used with email.&quot;,&quot;input&quot;:&quot;TEST_user_3dde0cc7@medrev.test&quot;,&quot;ctx&quot;:{&quot;reason&quot;:&quot;The part after the @-sign is a special-use or reserved name that cannot be used with email.&quot;}},{&quot;type&quot;:&quot;missing&quot;,&quot;loc&quot;:[&quot;body&quot;,&quot;name&quot;],&quot;msg&quot;:&quot;Field required&quot;,&quot;input&quot;:{&quot;email&quot;:&quot;TEST_user_3dde0cc7@medrev.test&quot;,&quot;password&quot;:&quot;Test1234!&quot;,&quot;full_name&quot;:&quot;Test User&quot;},&quot;url&quot;:&quot;https://errors.pydantic.dev/2.12/v/missing&quot;}]}">/app/backend/tests/test_references.py:139: Cannot register normal user: 422 {"detail":[{"type":"value_error","loc":["body","email"],"msg":"value is not a valid email address: The part after the @-sign is a special-use or reserved name that cannot be used with email.","input":"TEST_user_3dde0cc7@medrev.test","ctx":{"reason":"The part after the @-sign is a special-use or reserved name that cannot be used with email."}},{"type":"missing","loc":["body","name"],"msg":"Field required","input":{"email":"TEST_user_3dde0cc7@medrev.test","password":"Test1234!","full_name":"Test User"},"url":"https://errors.pydantic.dev/2.12/v/missing"}]}</skipped></testcase><testcase classname="backend.tests.test_references.TestReferences" name="test_update_reference_admin" time="0.098" /><testcase classname="backend.tests.test_references.TestReferences" name="test_delete_reference_requires_admin" time="0.048"><skipped type="pytest.skip" message="Cannot register normal user: 422 {&quot;detail&quot;:[{&quot;type&quot;:&quot;value_error&quot;,&quot;loc&quot;:[&quot;body&quot;,&quot;email&quot;],&quot;msg&quot;:&quot;value is not a valid email address: The part after the @-sign is a special-use or reserved name that cannot be used with email.&quot;,&quot;input&quot;:&quot;TEST_user_3dde0cc7@medrev.test&quot;,&quot;ctx&quot;:{&quot;reason&quot;:&quot;The part after the @-sign is a special-use or reserved name that cannot be used with email.&quot;}},{&quot;type&quot;:&quot;missing&quot;,&quot;loc&quot;:[&quot;body&quot;,&quot;name&quot;],&quot;msg&quot;:&quot;Field required&quot;,&quot;input&quot;:{&quot;email&quot;:&quot;TEST_user_3dde0cc7@medrev.test&quot;,&quot;password&quot;:&quot;Test1234!&quot;,&quot;full_name&quot;:&quot;Test User&quot;},&quot;url&quot;:&quot;https://errors.pydantic.dev/2.12/v/missing&quot;}]}">/app/backend/tests/test_references.py:158: Cannot register normal user: 422 {"detail":[{"type":"value_error","loc":["body","email"],"msg":"value is not a valid email address: The part after the @-sign is a special-use or reserved name that cannot be used with email.","input":"TEST_user_3dde0cc7@medrev.test","ctx":{"reason":"The part after the @-sign is a special-use or reserved name that cannot be used with email."}},{"type":"missing","loc":["body","name"],"msg":"Field required","input":{"email":"TEST_user_3dde0cc7@medrev.test","password":"Test1234!","full_name":"Test User"},"url":"https://errors.pydantic.dev/2.12/v/missing"}]}</skipped></testcase><testcase classname="backend.tests.test_references.TestSubjectsQuestionCount" name="test_subjects_have_question_count" time="0.050" /><testcase classname="backend.tests.test_references.TestCoursesDelete" name="test_create_then_delete_course" time="46.772" /></testsuite></testsuites>